[2024-11-18 22:03:16,057] ERROR {org.wso2.config.mapper.TomlParser} - user.name previously defined at line 29, column 1 (line 33, column 1)
[2024-11-18 22:03:16,061] ERROR {org.wso2.config.mapper.TomlParser} - user.password previously defined at line 30, column 1 (line 34, column 1)
[2024-11-18 22:03:16,063] ERROR {org.wso2.ei.dashboard.bootstrap.DashboardServer} - Error while reading TOML file configs org.wso2.config.mapper.ConfigParserException: Error parsing deployment configuration
	at org.wso2.config.mapper.TomlParser.parse(TomlParser.java:144)
	at org.wso2.config.mapper.ConfigParser.parse(ConfigParser.java:263)
	at org.wso2.config.mapper.ConfigParser.deploy(ConfigParser.java:231)
	at org.wso2.config.mapper.ConfigParser.deployAndStoreMetadata(ConfigParser.java:192)
	at org.wso2.config.mapper.ConfigParser.parse(ConfigParser.java:137)
	at org.wso2.ei.dashboard.bootstrap.DashboardServer.parseConfigJS(DashboardServer.java:355)
	at org.wso2.ei.dashboard.bootstrap.DashboardServer.startServerWithConfigs(DashboardServer.java:132)
	at org.wso2.ei.dashboard.bootstrap.Bootstrap.main(Bootstrap.java:40)

[2024-11-18 22:03:44,040] ERROR {org.wso2.config.mapper.TomlParser} - user.name previously defined at line 29, column 1 (line 33, column 1)
[2024-11-18 22:03:44,041] ERROR {org.wso2.config.mapper.TomlParser} - user.password previously defined at line 30, column 1 (line 34, column 1)
[2024-11-18 22:03:44,042] ERROR {org.wso2.ei.dashboard.bootstrap.DashboardServer} - Error while reading TOML file configs org.wso2.config.mapper.ConfigParserException: Error parsing deployment configuration
	at org.wso2.config.mapper.TomlParser.parse(TomlParser.java:144)
	at org.wso2.config.mapper.ConfigParser.parse(ConfigParser.java:263)
	at org.wso2.config.mapper.ConfigParser.deploy(ConfigParser.java:231)
	at org.wso2.config.mapper.ConfigParser.deployAndStoreMetadata(ConfigParser.java:192)
	at org.wso2.config.mapper.ConfigParser.parse(ConfigParser.java:137)
	at org.wso2.ei.dashboard.bootstrap.DashboardServer.parseConfigJS(DashboardServer.java:355)
	at org.wso2.ei.dashboard.bootstrap.DashboardServer.startServerWithConfigs(DashboardServer.java:132)
	at org.wso2.ei.dashboard.bootstrap.Bootstrap.main(Bootstrap.java:40)

[2024-11-18 22:04:36,172] ERROR {org.wso2.ei.dashboard.bootstrap.DashboardServer} - Error while starting up the server java.lang.IllegalStateException: D:\WSO2\wso2-integration-control-plane-1.0.0\bin\..\null is not a valid keystore
	at org.eclipse.jetty.util.security.CertificateUtils.getKeyStore(CertificateUtils.java:50)
	at org.eclipse.jetty.util.ssl.SslContextFactory.loadKeyStore(SslContextFactory.java:1203)
	at org.eclipse.jetty.util.ssl.SslContextFactory.load(SslContextFactory.java:322)
	at org.eclipse.jetty.util.ssl.SslContextFactory.doStart(SslContextFactory.java:244)
	at org.eclipse.jetty.util.component.AbstractLifeCycle.start(AbstractLifeCycle.java:73)
	at org.eclipse.jetty.util.component.ContainerLifeCycle.start(ContainerLifeCycle.java:169)
	at org.eclipse.jetty.util.component.ContainerLifeCycle.doStart(ContainerLifeCycle.java:117)
	at org.eclipse.jetty.server.SslConnectionFactory.doStart(SslConnectionFactory.java:97)
	at org.eclipse.jetty.util.component.AbstractLifeCycle.start(AbstractLifeCycle.java:73)
	at org.eclipse.jetty.util.component.ContainerLifeCycle.start(ContainerLifeCycle.java:169)
	at org.eclipse.jetty.util.component.ContainerLifeCycle.doStart(ContainerLifeCycle.java:117)
	at org.eclipse.jetty.util.component.AbstractLifeCycle.start(AbstractLifeCycle.java:73)
	at org.eclipse.jetty.util.component.ContainerLifeCycle.start(ContainerLifeCycle.java:169)
	at org.eclipse.jetty.util.component.ContainerLifeCycle.doStart(ContainerLifeCycle.java:117)
	at org.eclipse.jetty.server.AbstractConnector.doStart(AbstractConnector.java:323)
	at org.eclipse.jetty.server.AbstractNetworkConnector.doStart(AbstractNetworkConnector.java:81)
	at org.eclipse.jetty.server.ServerConnector.doStart(ServerConnector.java:234)
	at org.eclipse.jetty.util.component.AbstractLifeCycle.start(AbstractLifeCycle.java:73)
	at org.eclipse.jetty.server.Server.doStart(Server.java:401)
	at org.eclipse.jetty.util.component.AbstractLifeCycle.start(AbstractLifeCycle.java:73)
	at org.wso2.ei.dashboard.bootstrap.DashboardServer.startServerWithConfigs(DashboardServer.java:155)
	at org.wso2.ei.dashboard.bootstrap.Bootstrap.main(Bootstrap.java:40)

[2024-11-18 22:05:28,431] ERROR {org.wso2.config.mapper.TomlParser} - user.name previously defined at line 29, column 1 (line 32, column 1)
[2024-11-18 22:05:28,431] ERROR {org.wso2.config.mapper.TomlParser} - user.password previously defined at line 30, column 1 (line 33, column 1)
[2024-11-18 22:05:28,432] ERROR {org.wso2.ei.dashboard.bootstrap.DashboardServer} - Error while reading TOML file configs org.wso2.config.mapper.ConfigParserException: Error parsing deployment configuration
	at org.wso2.config.mapper.TomlParser.parse(TomlParser.java:144)
	at org.wso2.config.mapper.ConfigParser.parse(ConfigParser.java:263)
	at org.wso2.config.mapper.ConfigParser.deploy(ConfigParser.java:231)
	at org.wso2.config.mapper.ConfigParser.deployAndStoreMetadata(ConfigParser.java:192)
	at org.wso2.config.mapper.ConfigParser.parse(ConfigParser.java:137)
	at org.wso2.ei.dashboard.bootstrap.DashboardServer.parseConfigJS(DashboardServer.java:355)
	at org.wso2.ei.dashboard.bootstrap.DashboardServer.startServerWithConfigs(DashboardServer.java:132)
	at org.wso2.ei.dashboard.bootstrap.Bootstrap.main(Bootstrap.java:40)

[2024-11-18 22:05:59,401] ERROR {org.wso2.ei.dashboard.bootstrap.DashboardServer} - Error while starting up the server java.lang.IllegalStateException: D:\WSO2\wso2-integration-control-plane-1.0.0\bin\..\null is not a valid keystore
	at org.eclipse.jetty.util.security.CertificateUtils.getKeyStore(CertificateUtils.java:50)
	at org.eclipse.jetty.util.ssl.SslContextFactory.loadKeyStore(SslContextFactory.java:1203)
	at org.eclipse.jetty.util.ssl.SslContextFactory.load(SslContextFactory.java:322)
	at org.eclipse.jetty.util.ssl.SslContextFactory.doStart(SslContextFactory.java:244)
	at org.eclipse.jetty.util.component.AbstractLifeCycle.start(AbstractLifeCycle.java:73)
	at org.eclipse.jetty.util.component.ContainerLifeCycle.start(ContainerLifeCycle.java:169)
	at org.eclipse.jetty.util.component.ContainerLifeCycle.doStart(ContainerLifeCycle.java:117)
	at org.eclipse.jetty.server.SslConnectionFactory.doStart(SslConnectionFactory.java:97)
	at org.eclipse.jetty.util.component.AbstractLifeCycle.start(AbstractLifeCycle.java:73)
	at org.eclipse.jetty.util.component.ContainerLifeCycle.start(ContainerLifeCycle.java:169)
	at org.eclipse.jetty.util.component.ContainerLifeCycle.doStart(ContainerLifeCycle.java:117)
	at org.eclipse.jetty.util.component.AbstractLifeCycle.start(AbstractLifeCycle.java:73)
	at org.eclipse.jetty.util.component.ContainerLifeCycle.start(ContainerLifeCycle.java:169)
	at org.eclipse.jetty.util.component.ContainerLifeCycle.doStart(ContainerLifeCycle.java:117)
	at org.eclipse.jetty.server.AbstractConnector.doStart(AbstractConnector.java:323)
	at org.eclipse.jetty.server.AbstractNetworkConnector.doStart(AbstractNetworkConnector.java:81)
	at org.eclipse.jetty.server.ServerConnector.doStart(ServerConnector.java:234)
	at org.eclipse.jetty.util.component.AbstractLifeCycle.start(AbstractLifeCycle.java:73)
	at org.eclipse.jetty.server.Server.doStart(Server.java:401)
	at org.eclipse.jetty.util.component.AbstractLifeCycle.start(AbstractLifeCycle.java:73)
	at org.wso2.ei.dashboard.bootstrap.DashboardServer.startServerWithConfigs(DashboardServer.java:155)
	at org.wso2.ei.dashboard.bootstrap.Bootstrap.main(Bootstrap.java:40)

